<?xml version="1.0" encoding="UTF-8"?>
<!-- Generated by org.testng.reporters.JUnitXMLReporter -->
<testsuite ignored="0" hostname="LAPTOP-DHNB5A7K" failures="0" tests="5" name="Blog Operations" time="2.366" errors="0" timestamp="2021-04-29T01:42:51 BST">
  <testcase classname="LumiraAPIAutomation.PostCall" name="test_createBlogCategory" time="1.887"/>
  <testcase classname="LumiraAPIAutomation.DeleteCall" name="test_deleteBlogCategory" time="0.144"/>
  <testcase classname="LumiraAPIAutomation.PutCall" name="test_UpdateBlogCategory" time="0.149"/>
  <testcase classname="LumiraAPIAutomation.GetCall" name="test_blogCategories" time="0.064"/>
  <testcase classname="LumiraAPIAutomation.GetCall" name="test_postsInBlogCategory" time="0.041"/>
</testsuite> <!-- Blog Operations -->
